SF:lib/src/features/sign_in/sign_in_controller.dart
DA:10,1
DA:17,2
DA:19,1
DA:20,1
DA:21,1
DA:24,1
DA:28,2
DA:30,2
DA:35,1
DA:36,2
DA:38,1
DA:40,2
DA:42,0
DA:45,3
LF:14
LH:13
end_of_record
SF:lib/src/features/sign_in/sign_in_state.dart
DA:12,1
LF:1
LH:1
end_of_record
SF:lib/src/model/user_model.dart
DA:9,3
DA:16,2
DA:17,2
DA:18,2
DA:19,2
DA:20,2
DA:21,2
DA:25,0
DA:26,0
DA:27,0
DA:28,0
DA:29,0
DA:30,0
DA:34,6
DA:36,0
DA:37,0
LF:16
LH:8
end_of_record
SF:lib/src/services/secure_storage.dart
DA:4,0
DA:8,0
DA:12,0
DA:18,0
DA:19,0
DA:23,0
DA:24,0
DA:28,0
DA:29,0
DA:32,0
DA:33,0
LF:11
LH:0
end_of_record
SF:lib/src/services/auth/auth_service_firebase.dart
DA:8,0
DA:15,0
DA:20,0
DA:21,0
DA:22,0
DA:23,0
DA:24,0
DA:25,0
DA:26,0
DA:29,0
DA:31,0
DA:32,0
DA:38,0
DA:44,0
DA:49,0
DA:50,0
DA:51,0
DA:52,0
DA:53,0
DA:54,0
DA:57,0
DA:59,0
DA:60,0
DA:66,0
DA:69,0
LF:25
LH:0
end_of_record
SF:lib/src/features/sign_up/sign_up_controller.dart
DA:10,1
DA:17,2
DA:19,1
DA:20,1
DA:21,1
DA:24,1
DA:29,2
DA:31,2
DA:37,1
DA:38,2
DA:40,1
DA:42,2
DA:44,0
DA:47,3
LF:14
LH:13
end_of_record
SF:lib/src/features/sign_up/sign_up_state.dart
DA:12,1
LF:1
LH:1
end_of_record
